2026-01-13T10:46:44.054Z INFO  [Universal]: Processing step: "Open Browser and Navigate to HotelBooker "https://hotelbooker.cert.sabre.com""
2026-01-13T10:46:44.057Z INFO  [Executor]: Performing: NAVIGATE - Navigate to HotelBooker
2026-01-13T10:46:51.849Z INFO  [Universal]: Processing step: "user enters username "QA_Sabre" and password "Te5t@1234""
2026-01-13T10:46:51.850Z INFO  [Executor]: Performing: TYPE - Enter Username
2026-01-13T10:46:51.857Z INFO  [SmartFinder]: Searching for: ctl00_cphMainContent_txtUserName
2026-01-13T10:46:51.864Z INFO  [SmartFinder]: Match Found: Exact XPath
2026-01-13T10:46:51.906Z INFO  [Executor]: Performing: TYPE - Enter Password
2026-01-13T10:46:51.913Z INFO  [SmartFinder]: Searching for: ctl00_cphMainContent_txtPassword
2026-01-13T10:46:51.922Z INFO  [SmartFinder]: Match Found: Exact XPath
2026-01-13T10:46:51.961Z INFO  [Universal]: Processing step: "user clicks login button"
2026-01-13T10:46:51.962Z INFO  [Executor]: Performing: CLICK - Click Login Button
2026-01-13T10:46:51.969Z INFO  [SmartFinder]: Searching for: ctl00_cphMainContent_btnLogin
2026-01-13T10:46:51.988Z INFO  [SmartFinder]: Match Found: Exact XPath
2026-01-13T10:46:59.940Z INFO  [SmartWait]: Sabre Loading detected, waiting for it to hide...
2026-01-13T10:47:00.409Z INFO  [Executor]: Performing: SCREENSHOT - Post Login Screenshot
2026-01-13T10:47:00.480Z INFO  [Universal]: Processing step: "selects client "Test QA Client(Sabre)""
2026-01-13T10:47:00.482Z INFO  [Executor]: Performing: CLICK - Select Client from List
2026-01-13T10:47:00.487Z INFO  [SmartFinder]: Searching for: h2
2026-01-13T10:47:00.495Z INFO  [SmartFinder]: Match Found: Exact XPath
2026-01-13T10:47:00.545Z INFO  [SmartWait]: Sabre Loading detected, waiting for it to hide...
2026-01-13T10:47:00.593Z INFO  [Executor]: Performing: WAIT_HIDDEN - Wait for Client Select Modal to Hide
2026-01-13T10:47:00.597Z INFO  [SmartFinder]: Searching for: clientSelectModal
2026-01-13T10:47:00.610Z INFO  [SmartFinder]: Match Found: Exact XPath
2026-01-13T10:47:00.717Z INFO  [Universal]: Processing step: "Validate selected client should display on header"
2026-01-13T10:47:00.718Z INFO  [Executor]: Performing: VERIFY_TEXT - Verify Client Name in Header
2026-01-13T10:47:00.724Z INFO  [SmartFinder]: Searching for: lnkClientSelect
2026-01-13T10:47:00.732Z INFO  [SmartFinder]: Match Found: Exact XPath
