2026-01-13T11:42:10.368Z INFO  [Universal]: Processing step: "Open Browser and Navigate to HotelBooker "https://hotelbooker.cert.sabre.com""
2026-01-13T11:42:10.371Z INFO  [Executor]: Performing: NAVIGATE - Navigate to HotelBooker
2026-01-13T11:42:19.294Z INFO  [Universal]: Processing step: "user enters username "QA_Sabre" and password "Te5t@1234""
2026-01-13T11:42:19.295Z INFO  [Executor]: Performing: TYPE - Enter Username
2026-01-13T11:42:19.302Z INFO  [SmartFinder]: Searching for: ctl00_cphMainContent_txtUserName
2026-01-13T11:42:19.310Z INFO  [SmartFinder]: Match Found: Exact XPath
2026-01-13T11:42:19.364Z INFO  [Executor]: Performing: TYPE - Enter Password
2026-01-13T11:42:19.371Z INFO  [SmartFinder]: Searching for: ctl00_cphMainContent_txtPassword
2026-01-13T11:42:19.382Z INFO  [SmartFinder]: Match Found: Exact XPath
2026-01-13T11:42:19.448Z INFO  [Universal]: Processing step: "user clicks login button"
2026-01-13T11:42:19.449Z INFO  [Executor]: Performing: CLICK - Click Login Button
2026-01-13T11:42:19.457Z INFO  [SmartFinder]: Searching for: ctl00_cphMainContent_btnLogin
2026-01-13T11:42:19.470Z INFO  [SmartFinder]: Match Found: Exact XPath
2026-01-13T11:42:27.314Z INFO  [SmartWait]: Sabre Loading detected, waiting for it to hide...
2026-01-13T11:42:27.784Z INFO  [Executor]: Performing: SCREENSHOT - Post Login Screenshot
2026-01-13T11:42:27.860Z INFO  [Universal]: Processing step: "selects client "Test QA Client(Sabre)""
2026-01-13T11:42:27.860Z INFO  [Executor]: Performing: CLICK - Select Client from List
2026-01-13T11:42:27.865Z INFO  [SmartFinder]: Searching for: h2
2026-01-13T11:42:27.872Z INFO  [SmartFinder]: Match Found: Exact XPath
2026-01-13T11:42:27.921Z INFO  [SmartWait]: Sabre Loading detected, waiting for it to hide...
2026-01-13T11:42:27.984Z INFO  [Executor]: Performing: WAIT_HIDDEN - Wait for Client Select Modal to Hide
2026-01-13T11:42:27.989Z INFO  [SmartFinder]: Searching for: clientSelectModal
2026-01-13T11:42:27.999Z INFO  [SmartFinder]: Match Found: Exact XPath
2026-01-13T11:42:28.113Z INFO  [Universal]: Processing step: "Validate selected client should display on header"
2026-01-13T11:42:28.115Z INFO  [Executor]: Performing: VERIFY_TEXT - Verify Client Name in Header
2026-01-13T11:42:28.120Z INFO  [SmartFinder]: Searching for: lnkClientSelect
2026-01-13T11:42:28.127Z INFO  [SmartFinder]: Match Found: Exact XPath
